<?xml version="1.0" encoding="UTF-8"?>
<!-- Generated by org.testng.reporters.JUnitReportReporter -->
<testsuite skipped="0" hostname="LAPTOP-NN7SFEM5" name="com.mystore.test.smoke.TestLoginUS001" tests="1" failures="0" timestamp="04 Jul 2017 06:31:22 GMT" time="18.699" errors="0">
  <testcase name="TestLoginTC001" time="18.699" classname="com.mystore.test.smoke.TestLoginUS001"/>
</testsuite> <!-- com.mystore.test.smoke.TestLoginUS001 -->
